<?xml version="1.0" encoding="UTF-8"?>
<testng-results skipped="0" failed="0" ignored="0" total="3" passed="3">
  <reporter-output>
  </reporter-output>
  <suite name="Default suite" duration-ms="20048" started-at="2020-07-28T07:03:06Z" finished-at="2020-07-28T07:03:26Z">
    <groups>
    </groups>
    <test name="Default test" duration-ms="20048" started-at="2020-07-28T07:03:06Z" finished-at="2020-07-28T07:03:26Z">
      <class name="test.testclass">
        <test-method status="PASS" signature="login()[pri:0, instance:test.testclass@45099dd3]" name="login" duration-ms="686" started-at="2020-07-28T07:03:06Z" finished-at="2020-07-28T07:03:07Z">
          <reporter-output>
          </reporter-output>
        </test-method> <!-- login -->
        <test-method status="PASS" signature="leave()[pri:0, instance:test.testclass@45099dd3]" name="leave" duration-ms="11573" started-at="2020-07-28T07:03:07Z" depends-on-methods="test.testclass.login" finished-at="2020-07-28T07:03:19Z">
          <reporter-output>
          </reporter-output>
        </test-method> <!-- leave -->
        <test-method status="PASS" signature="work()[pri:0, instance:test.testclass@45099dd3]" name="work" duration-ms="7703" started-at="2020-07-28T07:03:19Z" depends-on-methods="test.testclass.login" finished-at="2020-07-28T07:03:26Z">
          <reporter-output>
          </reporter-output>
        </test-method> <!-- work -->
      </class> <!-- test.testclass -->
    </test> <!-- Default test -->
  </suite> <!-- Default suite -->
</testng-results>
